2019-10-15 17:28:44,500 CRIT Supervisor running as root (no user in config file)
2019-10-15 17:28:44,500 INFO Included extra file "/etc/supervisor/conf.d/supervisord.conf" during parsing
2019-10-15 17:28:44,526 INFO RPC interface 'supervisor' initialized
2019-10-15 17:28:44,526 CRIT Server 'unix_http_server' running without any HTTP authentication checking
2019-10-15 17:28:44,527 INFO supervisord started with pid 1
2019-10-15 17:28:45,531 INFO spawned: 'varnishd' with pid 15
2019-10-15 17:28:45,535 INFO spawned: 'php-fpm' with pid 16
2019-10-15 17:28:45,541 INFO spawned: 'varnish-plugins-watcher' with pid 17
2019-10-15 17:28:45,558 INFO spawned: 'nginx' with pid 18
2019-10-15 17:28:45,582 INFO spawned: 'MailHog' with pid 19
2019-10-15 17:28:45,602 INFO spawned: 'mysql' with pid 22
2019-10-15 17:28:45,614 INFO spawned: 'varnish-themes-watcher' with pid 23
2019-10-15 17:28:47,464 INFO success: varnishd entered RUNNING state, process has stayed up for > than 1 seconds (startsecs)
2019-10-15 17:28:47,464 INFO success: php-fpm entered RUNNING state, process has stayed up for > than 1 seconds (startsecs)
2019-10-15 17:28:47,464 INFO success: varnish-plugins-watcher entered RUNNING state, process has stayed up for > than 1 seconds (startsecs)
2019-10-15 17:28:47,466 INFO success: nginx entered RUNNING state, process has stayed up for > than 1 seconds (startsecs)
2019-10-15 17:28:47,466 INFO success: MailHog entered RUNNING state, process has stayed up for > than 1 seconds (startsecs)
2019-10-15 17:28:47,466 INFO success: mysql entered RUNNING state, process has stayed up for > than 1 seconds (startsecs)
2019-10-15 17:28:47,466 INFO success: varnish-themes-watcher entered RUNNING state, process has stayed up for > than 1 seconds (startsecs)
2019-10-18 03:00:58,799 INFO exited: varnishd (exit status 0; expected)
2019-10-18 03:00:59,808 INFO spawned: 'varnishd' with pid 25589
2019-10-18 03:01:00,810 INFO success: varnishd entered RUNNING state, process has stayed up for > than 1 seconds (startsecs)
2019-10-18 03:01:04,017 INFO exited: varnishd (exit status 0; expected)
2019-10-18 03:01:05,025 INFO spawned: 'varnishd' with pid 25827
2019-10-18 03:01:06,028 INFO success: varnishd entered RUNNING state, process has stayed up for > than 1 seconds (startsecs)
